<?xml version="1.0" encoding="UTF-8"?>
<!-- Generated by org.testng.reporters.JUnitXMLReporter -->
<testsuite hostname="Bonbon525-PC" failures="0" tests="3" name="Default test" time="0.076" errors="0" timestamp="19 Dec 2020 05:02:03 GMT">
  <testcase classname="TestNGTutorials.DataProviderExample" name="setData" time="0.02"/>
  <testcase classname="TestNGTutorials.DataProviderExample" name="setData" time="0.003"/>
  <testcase classname="TestNGTutorials.DataProviderExample" name="setData" time="0.002"/>
</testsuite> <!-- Default test -->
