<?xml version="1.0" encoding="UTF-8"?>
<testng-results total="1" passed="1" failed="0" skipped="0">
  <reporter-output>
  </reporter-output>
  <suite started-at="2020-12-17T02:05:28Z" name="Default suite" finished-at="2020-12-17T02:05:34Z" duration-ms="6568">
    <groups>
    </groups>
    <test started-at="2020-12-17T02:05:28Z" name="Default test" finished-at="2020-12-17T02:05:34Z" duration-ms="6568">
      <class name="RegresstionTestCases.TestGoogleSearchObjects">
        <test-method signature="GoogleSearch()[pri:0, instance:RegresstionTestCases.TestGoogleSearchObjects@d35dea7]" started-at="2020-12-16T18:05:28Z" name="GoogleSearch" finished-at="2020-12-16T18:05:34Z" duration-ms="6558" status="PASS">
          <reporter-output>
          </reporter-output>
        </test-method> <!-- GoogleSearch -->
      </class> <!-- RegresstionTestCases.TestGoogleSearchObjects -->
    </test> <!-- Default test -->
  </suite> <!-- Default suite -->
</testng-results>
